<?xml version="1.0" encoding="UTF-8"?>
<robot generator="Robot 4.1.3 (Python 3.8.7rc1 on win32)" generated="20220213 11:39:57.048" rpa="false" schemaversion="2">
<suite id="s1" name="SignUpTest" source="C:\Users\Administrator\PycharmProjects\MockProjectRobotFramework\TestCase\SignUpTest.robot">
<test id="s1-t1" name="SignUp">
<kw name="Open_Browsers" library="commonKeyword">
<arg>${SiteUrl}</arg>
<arg>${browser}</arg>
<kw name="Open Browser" library="Selenium2Library">
<arg>${SiteUrl}</arg>
<arg>${browser}</arg>
<doc>Opens a new browser instance to the optional ``url``.</doc>
<msg timestamp="20220213 11:39:57.405" level="INFO">Opening browser 'chrome' to base url 'https://igos.edxops.com/'.</msg>
<status status="PASS" starttime="20220213 11:39:57.405" endtime="20220213 11:40:01.514"/>
</kw>
<kw name="Maximize Browser Window" library="Selenium2Library">
<doc>Maximizes current browser window.</doc>
<status status="PASS" starttime="20220213 11:40:01.514" endtime="20220213 11:40:01.683"/>
</kw>
<status status="PASS" starttime="20220213 11:39:57.404" endtime="20220213 11:40:01.683"/>
</kw>
<kw name="Click menu ShoppingCart" library="commonKeyword">
<kw name="Click Element" library="Selenium2Library">
<arg>${menuShoppingCart}</arg>
<doc>Click the element identified by ``locator``.</doc>
<msg timestamp="20220213 11:40:01.685" level="INFO">Clicking element 'xpath://a[@id='btn-login']/following-sibling::a[1]'.</msg>
<status status="PASS" starttime="20220213 11:40:01.684" endtime="20220213 11:40:02.294"/>
</kw>
<status status="PASS" starttime="20220213 11:40:01.684" endtime="20220213 11:40:02.294"/>
</kw>
<kw name="Select menu MyGosTmAccount" library="commonKeyword">
<kw name="Click Element" library="Selenium2Library">
<arg>${menuMyGosTMAccount}</arg>
<doc>Click the element identified by ``locator``.</doc>
<msg timestamp="20220213 11:40:02.296" level="INFO">Clicking element 'xpath://div[@id='navbarSupportedContent']/ul/li/a[contains(text(),'myGOS™ Account')]'.</msg>
<status status="PASS" starttime="20220213 11:40:02.295" endtime="20220213 11:40:02.360"/>
</kw>
<status status="PASS" starttime="20220213 11:40:02.295" endtime="20220213 11:40:02.361"/>
</kw>
<kw name="Select SignOutMyAccount" library="commonKeyword">
<kw name="Click Element" library="Selenium2Library">
<arg>${menuSignoutMyAcct}</arg>
<doc>Click the element identified by ``locator``.</doc>
<msg timestamp="20220213 11:40:02.363" level="INFO">Clicking element 'xpath://a[contains(text(),'Sign-out myGOS™ Account')]'.</msg>
<status status="PASS" starttime="20220213 11:40:02.362" endtime="20220213 11:40:02.862"/>
</kw>
<status status="PASS" starttime="20220213 11:40:02.362" endtime="20220213 11:40:02.862"/>
</kw>
<kw name="Click CreatMyAccount button" library="SignUpKeyword">
<kw name="Click Element" library="Selenium2Library">
<arg>${btnCreateMyGosAccount}</arg>
<doc>Click the element identified by ``locator``.</doc>
<msg timestamp="20220213 11:40:02.865" level="INFO">Clicking element 'xpath://a[contains(text(),'Create myGOS™ Account!')]'.</msg>
<status status="PASS" starttime="20220213 11:40:02.864" endtime="20220213 11:40:04.003"/>
</kw>
<status status="PASS" starttime="20220213 11:40:02.863" endtime="20220213 11:40:04.003"/>
</kw>
<kw name="Enter Email" library="SignUpKeyword">
<arg>${email}</arg>
<kw name="Input Text" library="Selenium2Library">
<arg>${txtEmailAddress}</arg>
<arg>${email}</arg>
<doc>Types the given ``text`` into the text field identified by ``locator``.</doc>
<msg timestamp="20220213 11:40:04.004" level="INFO">Typing text 'tham.0909@gmail.com' into text field 'id:email'.</msg>
<status status="PASS" starttime="20220213 11:40:04.004" endtime="20220213 11:40:04.130"/>
</kw>
<status status="PASS" starttime="20220213 11:40:04.003" endtime="20220213 11:40:04.131"/>
</kw>
<kw name="Enter FullName" library="SignUpKeyword">
<arg>${name}</arg>
<kw name="Input Text" library="Selenium2Library">
<arg>${txtFullName}</arg>
<arg>${name}</arg>
<doc>Types the given ``text`` into the text field identified by ``locator``.</doc>
<msg timestamp="20220213 11:40:04.132" level="INFO">Typing text 'Tham Nguyen' into text field 'id:fullname'.</msg>
<status status="PASS" starttime="20220213 11:40:04.132" endtime="20220213 11:40:04.242"/>
</kw>
<status status="PASS" starttime="20220213 11:40:04.131" endtime="20220213 11:40:04.242"/>
</kw>
<kw name="Enter MobileNumber" library="SignUpKeyword">
<arg>${phone}</arg>
<kw name="Input Text" library="Selenium2Library">
<arg>${txtPhone}</arg>
<arg>${phone}</arg>
<doc>Types the given ``text`` into the text field identified by ``locator``.</doc>
<msg timestamp="20220213 11:40:04.244" level="INFO">Typing text '0976496456' into text field 'id:mobile'.</msg>
<status status="PASS" starttime="20220213 11:40:04.244" endtime="20220213 11:40:04.344"/>
</kw>
<status status="PASS" starttime="20220213 11:40:04.243" endtime="20220213 11:40:04.344"/>
</kw>
<kw name="Select Gender" library="SignUpKeyword">
<kw name="Click Element" library="Selenium2Library">
<arg>${rdoGenderFemale}</arg>
<doc>Click the element identified by ``locator``.</doc>
<msg timestamp="20220213 11:40:04.345" level="INFO">Clicking element 'xpath://input[@name='Gender'][@value='1']'.</msg>
<status status="PASS" starttime="20220213 11:40:04.345" endtime="20220213 11:40:04.400"/>
</kw>
<status status="PASS" starttime="20220213 11:40:04.345" endtime="20220213 11:40:04.401"/>
</kw>
<kw name="Select Status" library="SignUpKeyword">
<kw name="Click Element" library="Selenium2Library">
<arg>${rdoMaritalStatusMarried}</arg>
<doc>Click the element identified by ``locator``.</doc>
<msg timestamp="20220213 11:40:04.402" level="INFO">Clicking element 'xpath://input[@name='Marital'][@value='1']'.</msg>
<status status="PASS" starttime="20220213 11:40:04.402" endtime="20220213 11:40:04.455"/>
</kw>
<status status="PASS" starttime="20220213 11:40:04.401" endtime="20220213 11:40:04.455"/>
</kw>
<kw name="Click Create Account button" library="SignUpKeyword">
<kw name="Click Element" library="Selenium2Library">
<arg>${btnCreateAccount}</arg>
<doc>Click the element identified by ``locator``.</doc>
<msg timestamp="20220213 11:40:04.457" level="INFO">Clicking element 'xpath://a[contains(text(),'Create Account')]'.</msg>
<status status="PASS" starttime="20220213 11:40:04.457" endtime="20220213 11:40:04.805"/>
</kw>
<status status="PASS" starttime="20220213 11:40:04.456" endtime="20220213 11:40:04.806"/>
</kw>
<kw name="Element Text Should Be" library="Selenium2Library">
<arg>${lableMyGosAccount}</arg>
<arg>myGOS™ Account</arg>
<doc>Verifies that element ``locator`` contains exact the text ``expected``.</doc>
<msg timestamp="20220213 11:40:04.808" level="INFO">Verifying element 'xpath://h2[contains(text(),'myGOS™ Account')]' contains exact text 'myGOS™ Account'.</msg>
<status status="PASS" starttime="20220213 11:40:04.807" endtime="20220213 11:40:04.855"/>
</kw>
<status status="PASS" starttime="20220213 11:39:57.403" endtime="20220213 11:40:04.855"/>
</test>
<status status="PASS" starttime="20220213 11:39:57.051" endtime="20220213 11:40:04.857"/>
</suite>
<statistics>
<total>
<stat pass="1" fail="0" skip="0">All Tests</stat>
</total>
<tag>
</tag>
<suite>
<stat pass="1" fail="0" skip="0" id="s1" name="SignUpTest">SignUpTest</stat>
</suite>
</statistics>
<errors>
<msg timestamp="20220213 11:39:57.388" level="ERROR">Error in file 'C:\Users\Administrator\PycharmProjects\MockProjectRobotFramework\Resources\SignUpKeyword.robot' on line 32: Non-existing setting 'Argument'. Did you mean:
    Arguments</msg>
</errors>
</robot>
